<?xml version="1.0" encoding="UTF-8"?>
<testng-results ignored="0" total="1" passed="1" failed="0" skipped="0">
  <reporter-output>
  </reporter-output>
  <suite started-at="2021-05-26T12:39:15Z" name="Suite" finished-at="2021-05-26T12:39:17Z" duration-ms="1765">
    <groups>
    </groups>
    <test started-at="2021-05-26T12:39:15Z" name="Test" finished-at="2021-05-26T12:39:17Z" duration-ms="1765">
      <class name="com.prathyusha.devops.project.AppTest">
        <test-method signature="verify()[pri:0, instance:com.prathyusha.devops.project.AppTest@143640d5]" started-at="2021-05-26T12:39:15Z" name="verify" finished-at="2021-05-26T12:39:17Z" duration-ms="1752" status="PASS">
          <reporter-output>
          </reporter-output>
        </test-method> <!-- verify -->
      </class> <!-- com.prathyusha.devops.project.AppTest -->
    </test> <!-- Test -->
  </suite> <!-- Suite -->
</testng-results>
